Wed, 26 Jan 2022 14:57:43 api_data.py[line:61] INFO No available flights between AMS and DWC on day 2022-01-29.
Wed, 26 Jan 2022 14:57:43 api_data.py[line:71] INFO No available flights between DWC and AMS on day 2022-02-05.
Wed, 26 Jan 2022 14:57:43 api_data.py[line:61] INFO No available flights between EIN and DWC on day 2022-01-29.
Wed, 26 Jan 2022 14:57:44 api_data.py[line:71] INFO No available flights between DWC and EIN on day 2022-02-05.
Wed, 26 Jan 2022 14:57:44 main.py[line:46] INFO 1 has no available flights
Wed, 26 Jan 2022 14:58:03 api_data.py[line:71] INFO No available flights between BCN and EIN on day 2022-02-05.
Wed, 26 Jan 2022 14:58:16 api_data.py[line:61] INFO No available flights between EIN and CDG on day 2022-01-29.
Wed, 26 Jan 2022 14:58:18 api_data.py[line:71] INFO No available flights between CDG and EIN on day 2022-02-05.
Wed, 26 Jan 2022 14:58:33 api_data.py[line:61] INFO No available flights between EIN and KRK on day 2022-01-29.
Wed, 26 Jan 2022 14:58:34 api_data.py[line:71] INFO No available flights between KRK and EIN on day 2022-02-05.
Wed, 26 Jan 2022 14:58:44 api_data.py[line:61] INFO No available flights between EIN and DBV on day 2022-01-29.
Wed, 26 Jan 2022 14:58:45 api_data.py[line:71] INFO No available flights between DBV and EIN on day 2022-02-05.
Wed, 26 Jan 2022 14:58:58 api_data.py[line:61] INFO No available flights between EIN and SVO on day 2022-01-29.
Wed, 26 Jan 2022 14:59:00 api_data.py[line:71] INFO No available flights between SVO and EIN on day 2022-02-05.
Wed, 26 Jan 2022 14:59:00 api_data.py[line:61] INFO No available flights between AMS and BAI on day 2022-01-29.
Wed, 26 Jan 2022 14:59:01 api_data.py[line:71] INFO No available flights between BAI and AMS on day 2022-02-05.
Wed, 26 Jan 2022 14:59:01 api_data.py[line:61] INFO No available flights between EIN and BAI on day 2022-01-29.
Wed, 26 Jan 2022 14:59:01 api_data.py[line:71] INFO No available flights between BAI and EIN on day 2022-02-05.
Wed, 26 Jan 2022 14:59:01 main.py[line:46] INFO 7 has no available flights
Wed, 26 Jan 2022 14:59:17 api_data.py[line:71] INFO No available flights between SJJ and EIN on day 2022-02-05.
Wed, 26 Jan 2022 14:59:28 api_data.py[line:61] INFO No available flights between EIN and PMI on day 2022-01-29.
Wed, 26 Jan 2022 14:59:30 api_data.py[line:71] INFO No available flights between PMI and EIN on day 2022-02-05.
Wed, 26 Jan 2022 14:59:47 api_data.py[line:61] INFO No available flights between EIN and FLR on day 2022-01-29.
Wed, 26 Jan 2022 14:59:49 api_data.py[line:71] INFO No available flights between FLR and EIN on day 2022-02-05.
Wed, 26 Jan 2022 15:00:12 api_data.py[line:71] INFO No available flights between ARN and EIN on day 2022-02-05.
Wed, 26 Jan 2022 15:00:30 api_data.py[line:61] INFO No available flights between EIN and HKT on day 2022-01-29.
Wed, 26 Jan 2022 15:00:32 api_data.py[line:71] INFO No available flights between HKT and EIN on day 2022-02-05.
Wed, 26 Jan 2022 15:00:49 api_data.py[line:61] INFO No available flights between EIN and BUD on day 2022-01-29.
Wed, 26 Jan 2022 15:00:51 api_data.py[line:71] INFO No available flights between BUD and EIN on day 2022-02-05.
Wed, 26 Jan 2022 15:01:10 api_data.py[line:61] INFO No available flights between EIN and ROA on day 2022-01-29.
Wed, 26 Jan 2022 15:01:12 api_data.py[line:71] INFO No available flights between ROA and EIN on day 2022-02-05.
Wed, 26 Jan 2022 15:01:35 api_data.py[line:61] INFO No available flights between EIN and NCE on day 2022-01-29.
Wed, 26 Jan 2022 15:01:36 api_data.py[line:71] INFO No available flights between NCE and EIN on day 2022-02-05.
Wed, 26 Jan 2022 15:01:59 api_data.py[line:61] INFO No available flights between EIN and DPS on day 2022-01-29.
Wed, 26 Jan 2022 15:02:06 api_data.py[line:71] INFO No available flights between DPS and EIN on day 2022-02-05.
Wed, 26 Jan 2022 15:02:22 api_data.py[line:61] INFO No available flights between EIN and JFK on day 2022-01-29.
Wed, 26 Jan 2022 15:02:24 api_data.py[line:71] INFO No available flights between JFK and EIN on day 2022-02-05.
Wed, 26 Jan 2022 15:02:39 api_data.py[line:61] INFO No available flights between EIN and JFK on day 2022-01-29.
Wed, 26 Jan 2022 15:02:41 api_data.py[line:71] INFO No available flights between JFK and EIN on day 2022-02-05.
Wed, 26 Jan 2022 15:02:58 api_data.py[line:61] INFO No available flights between EIN and JFK on day 2022-01-29.
Wed, 26 Jan 2022 15:03:01 api_data.py[line:71] INFO No available flights between JFK and EIN on day 2022-02-05.
Wed, 26 Jan 2022 15:03:10 api_data.py[line:61] INFO No available flights between EIN and DBV on day 2022-01-29.
Wed, 26 Jan 2022 15:03:12 api_data.py[line:71] INFO No available flights between DBV and EIN on day 2022-02-05.
